<?xml version="1.0" encoding="UTF-8"?>
<testng-results ignored="0" total="2" passed="2" failed="0" skipped="0">
  <reporter-output>
  </reporter-output>
  <suite started-at="2024-05-24T07:37:32 IST" name="Suite" finished-at="2024-05-24T07:37:58 IST" duration-ms="26101">
    <groups>
    </groups>
    <test started-at="2024-05-24T07:37:32 IST" name="Test" finished-at="2024-05-24T07:37:58 IST" duration-ms="26101">
      <class name="testCases.Logintestcase">
        <test-method is-config="true" signature="setup(java.lang.String)[pri:0, instance:testCases.Logintestcase@223d2c72]" started-at="2024-05-24T07:37:32 IST" name="setup" finished-at="2024-05-24T07:37:53 IST" duration-ms="20934" status="PASS">
          <params>
            <param index="0">
              <value>
                <![CDATA[chrome]]>
              </value>
            </param>
          </params>
          <reporter-output>
          </reporter-output>
        </test-method> <!-- setup -->
        <test-method signature="login()[pri:0, instance:testCases.Logintestcase@223d2c72]" started-at="2024-05-24T07:37:53 IST" name="login" finished-at="2024-05-24T07:37:55 IST" duration-ms="2415" status="PASS">
          <reporter-output>
          </reporter-output>
        </test-method> <!-- login -->
        <test-method is-config="true" signature="tearDown()[pri:0, instance:testCases.Logintestcase@223d2c72]" started-at="2024-05-24T07:37:55 IST" name="tearDown" finished-at="2024-05-24T07:37:58 IST" duration-ms="2666" status="PASS">
          <reporter-output>
          </reporter-output>
        </test-method> <!-- tearDown -->
      </class> <!-- testCases.Logintestcase -->
    </test> <!-- Test -->
  </suite> <!-- Suite -->
  <suite started-at="2024-05-24T07:37:58 IST" name="Suite (0)" finished-at="2024-05-24T07:38:34 IST" duration-ms="35952">
    <groups>
    </groups>
    <test started-at="2024-05-24T07:37:58 IST" name="Test" finished-at="2024-05-24T07:38:34 IST" duration-ms="35952">
      <class name="testCases.AccountRegistration">
        <test-method is-config="true" signature="setup(java.lang.String)[pri:0, instance:testCases.AccountRegistration@4135c3b]" started-at="2024-05-24T07:37:58 IST" name="setup" finished-at="2024-05-24T07:38:15 IST" duration-ms="16702" status="PASS">
          <params>
            <param index="0">
              <value>
                <![CDATA[chrome]]>
              </value>
            </param>
          </params>
          <reporter-output>
          </reporter-output>
        </test-method> <!-- setup -->
        <test-method signature="registration()[pri:0, instance:testCases.AccountRegistration@4135c3b]" started-at="2024-05-24T07:38:15 IST" name="registration" finished-at="2024-05-24T07:38:32 IST" duration-ms="17064" status="PASS">
          <reporter-output>
          </reporter-output>
        </test-method> <!-- registration -->
        <test-method is-config="true" signature="tearDown()[pri:0, instance:testCases.AccountRegistration@4135c3b]" started-at="2024-05-24T07:38:32 IST" name="tearDown" finished-at="2024-05-24T07:38:34 IST" duration-ms="2182" status="PASS">
          <reporter-output>
          </reporter-output>
        </test-method> <!-- tearDown -->
      </class> <!-- testCases.AccountRegistration -->
    </test> <!-- Test -->
  </suite> <!-- Suite (0) -->
</testng-results>
